cpu-bind=MASK - bdw05, task  0  0 [763571]: mask 0xffffffff set
cpu-bind=MASK - bdw05, task  0  0 [763591]: mask 0x1 set
cpu-bind=MASK - bdw05, task  1  1 [763592]: mask 0x10000 set
cpu-bind=MASK - bdw05, task  2  2 [763593]: mask 0x2 set
cpu-bind=MASK - bdw05, task  3  3 [763594]: mask 0x20000 set
cpu-bind=MASK - bdw05, task  4  4 [763595]: mask 0x4 set
cpu-bind=MASK - bdw05, task  5  5 [763596]: mask 0x40000 set
cpu-bind=MASK - bdw05, task  6  6 [763597]: mask 0x8 set
cpu-bind=MASK - bdw05, task  7  7 [763598]: mask 0x80000 set
cpu-bind=MASK - bdw05, task  8  8 [763599]: mask 0x10 set
cpu-bind=MASK - bdw05, task  9  9 [763600]: mask 0x100000 set
cpu-bind=MASK - bdw05, task 10 10 [763601]: mask 0x20 set
cpu-bind=MASK - bdw05, task 11 11 [763602]: mask 0x200000 set
cpu-bind=MASK - bdw05, task 12 12 [763603]: mask 0x40 set
cpu-bind=MASK - bdw05, task 13 13 [763604]: mask 0x400000 set
cpu-bind=MASK - bdw05, task 14 14 [763605]: mask 0x80 set
cpu-bind=MASK - bdw05, task 15 15 [763606]: mask 0x800000 set
cpu-bind=MASK - bdw05, task 16 16 [763607]: mask 0x100 set
cpu-bind=MASK - bdw06, task 32  0 [571650]: mask 0x1 set
cpu-bind=MASK - bdw05, task 17 17 [763608]: mask 0x1000000 set
cpu-bind=MASK - bdw05, task 18 18 [763609]: mask 0x200 set
cpu-bind=MASK - bdw05, task 19 19 [763610]: mask 0x2000000 set
cpu-bind=MASK - bdw05, task 20 20 [763611]: mask 0x400 set
cpu-bind=MASK - bdw05, task 21 21 [763612]: mask 0x4000000 set
cpu-bind=MASK - bdw05, task 22 22 [763613]: mask 0x800 set
cpu-bind=MASK - bdw05, task 23 23 [763614]: mask 0x8000000 set
cpu-bind=MASK - bdw05, task 24 24 [763615]: mask 0x1000 set
cpu-bind=MASK - bdw05, task 25 25 [763616]: mask 0x10000000 set
cpu-bind=MASK - bdw05, task 26 26 [763617]: mask 0x2000 set
cpu-bind=MASK - bdw05, task 27 27 [763618]: mask 0x20000000 set
cpu-bind=MASK - bdw05, task 28 28 [763619]: mask 0x4000 set
cpu-bind=MASK - bdw05, task 29 29 [763620]: mask 0x40000000 set
cpu-bind=MASK - bdw05, task 30 30 [763621]: mask 0x8000 set
cpu-bind=MASK - bdw05, task 31 31 [763622]: mask 0x80000000 set
cpu-bind=MASK - bdw06, task 33  1 [571651]: mask 0x10000 set
cpu-bind=MASK - bdw06, task 34  2 [571652]: mask 0x2 set
cpu-bind=MASK - bdw06, task 35  3 [571653]: mask 0x20000 set
cpu-bind=MASK - bdw06, task 36  4 [571654]: mask 0x4 set
cpu-bind=MASK - bdw06, task 37  5 [571655]: mask 0x40000 set
cpu-bind=MASK - bdw06, task 38  6 [571656]: mask 0x8 set
cpu-bind=MASK - bdw06, task 39  7 [571657]: mask 0x80000 set
cpu-bind=MASK - bdw06, task 40  8 [571658]: mask 0x10 set
cpu-bind=MASK - bdw06, task 41  9 [571659]: mask 0x100000 set
cpu-bind=MASK - bdw06, task 42 10 [571660]: mask 0x20 set
cpu-bind=MASK - bdw06, task 43 11 [571661]: mask 0x200000 set
cpu-bind=MASK - bdw06, task 44 12 [571662]: mask 0x40 set
cpu-bind=MASK - bdw06, task 45 13 [571663]: mask 0x400000 set
cpu-bind=MASK - bdw06, task 46 14 [571664]: mask 0x80 set
cpu-bind=MASK - bdw06, task 47 15 [571665]: mask 0x800000 set
cpu-bind=MASK - bdw06, task 48 16 [571666]: mask 0x100 set
cpu-bind=MASK - bdw06, task 49 17 [571667]: mask 0x1000000 set
cpu-bind=MASK - bdw06, task 50 18 [571668]: mask 0x200 set
cpu-bind=MASK - bdw06, task 51 19 [571669]: mask 0x2000000 set
cpu-bind=MASK - bdw06, task 52 20 [571670]: mask 0x400 set
cpu-bind=MASK - bdw06, task 53 21 [571671]: mask 0x4000000 set
cpu-bind=MASK - bdw06, task 54 22 [571672]: mask 0x800 set
cpu-bind=MASK - bdw06, task 55 23 [571673]: mask 0x8000000 set
cpu-bind=MASK - bdw06, task 56 24 [571674]: mask 0x1000 set
cpu-bind=MASK - bdw06, task 57 25 [571675]: mask 0x10000000 set
cpu-bind=MASK - bdw06, task 58 26 [571676]: mask 0x2000 set
cpu-bind=MASK - bdw06, task 59 27 [571677]: mask 0x20000000 set
cpu-bind=MASK - bdw06, task 60 28 [571678]: mask 0x4000 set
cpu-bind=MASK - bdw06, task 61 29 [571679]: mask 0x40000000 set
cpu-bind=MASK - bdw06, task 62 30 [571680]: mask 0x8000 set
cpu-bind=MASK - bdw06, task 63 31 [571681]: mask 0x80000000 set
srun: Job step aborted: Waiting up to 32 seconds for job step to finish.
slurmstepd: error: *** STEP 280047.0 ON bdw05 CANCELLED AT 2025-07-08T16:41:25 ***
slurmstepd: error: *** JOB 280047 ON bdw05 CANCELLED AT 2025-07-08T16:41:25 ***
