cpu-bind=MASK - bdw03, task  0  0 [581136]: mask 0xffffffff set
/var/spool/slurmd/job280053/slurm_script: line 21: cd: /home/ifacello/logs/gcc-intemkl: No such file or directory
cpu-bind=MASK - bdw03, task  0  0 [581156]: mask 0x1 set
cpu-bind=MASK - bdw03, task  1  1 [581157]: mask 0x10000 set
cpu-bind=MASK - bdw03, task  2  2 [581158]: mask 0x2 set
cpu-bind=MASK - bdw03, task  3  3 [581159]: mask 0x20000 set
cpu-bind=MASK - bdw03, task  4  4 [581160]: mask 0x4 set
cpu-bind=MASK - bdw03, task  5  5 [581161]: mask 0x40000 set
cpu-bind=MASK - bdw03, task  6  6 [581162]: mask 0x8 set
cpu-bind=MASK - bdw03, task  7  7 [581163]: mask 0x80000 set
cpu-bind=MASK - bdw03, task  8  8 [581164]: mask 0x10 set
cpu-bind=MASK - bdw03, task  9  9 [581165]: mask 0x100000 set
cpu-bind=MASK - bdw03, task 10 10 [581166]: mask 0x20 set
cpu-bind=MASK - bdw03, task 11 11 [581167]: mask 0x200000 set
cpu-bind=MASK - bdw03, task 12 12 [581168]: mask 0x40 set
cpu-bind=MASK - bdw03, task 13 13 [581169]: mask 0x400000 set
cpu-bind=MASK - bdw03, task 14 14 [581170]: mask 0x80 set
cpu-bind=MASK - bdw03, task 15 15 [581171]: mask 0x800000 set
cpu-bind=MASK - bdw03, task 16 16 [581172]: mask 0x100 set
cpu-bind=MASK - bdw03, task 17 17 [581173]: mask 0x1000000 set
cpu-bind=MASK - bdw03, task 18 18 [581174]: mask 0x200 set
cpu-bind=MASK - bdw03, task 19 19 [581175]: mask 0x2000000 set
cpu-bind=MASK - bdw03, task 20 20 [581176]: mask 0x400 set
cpu-bind=MASK - bdw03, task 21 21 [581177]: mask 0x4000000 set
cpu-bind=MASK - bdw03, task 22 22 [581178]: mask 0x800 set
cpu-bind=MASK - bdw03, task 23 23 [581179]: mask 0x8000000 set
cpu-bind=MASK - bdw03, task 24 24 [581180]: mask 0x1000 set
cpu-bind=MASK - bdw03, task 25 25 [581181]: mask 0x10000000 set
cpu-bind=MASK - bdw03, task 26 26 [581182]: mask 0x2000 set
cpu-bind=MASK - bdw03, task 27 27 [581183]: mask 0x20000000 set
cpu-bind=MASK - bdw03, task 28 28 [581184]: mask 0x4000 set
cpu-bind=MASK - bdw03, task 29 29 [581185]: mask 0x40000000 set
cpu-bind=MASK - bdw03, task 30 30 [581186]: mask 0x8000 set
cpu-bind=MASK - bdw03, task 31 31 [581187]: mask 0x80000000 set
cpu-bind=MASK - bdw04, task 32  0 [730608]: mask 0x1 set
cpu-bind=MASK - bdw04, task 33  1 [730609]: mask 0x10000 set
cpu-bind=MASK - bdw04, task 34  2 [730610]: mask 0x2 set
cpu-bind=MASK - bdw04, task 35  3 [730611]: mask 0x20000 set
cpu-bind=MASK - bdw04, task 36  4 [730612]: mask 0x4 set
cpu-bind=MASK - bdw04, task 37  5 [730613]: mask 0x40000 set
cpu-bind=MASK - bdw04, task 38  6 [730614]: mask 0x8 set
cpu-bind=MASK - bdw04, task 39  7 [730615]: mask 0x80000 set
cpu-bind=MASK - bdw04, task 40  8 [730616]: mask 0x10 set
cpu-bind=MASK - bdw04, task 41  9 [730617]: mask 0x100000 set
cpu-bind=MASK - bdw04, task 42 10 [730618]: mask 0x20 set
cpu-bind=MASK - bdw04, task 43 11 [730619]: mask 0x200000 set
cpu-bind=MASK - bdw04, task 44 12 [730620]: mask 0x40 set
cpu-bind=MASK - bdw04, task 45 13 [730621]: mask 0x400000 set
cpu-bind=MASK - bdw04, task 46 14 [730622]: mask 0x80 set
cpu-bind=MASK - bdw04, task 47 15 [730623]: mask 0x800000 set
cpu-bind=MASK - bdw04, task 48 16 [730624]: mask 0x100 set
cpu-bind=MASK - bdw04, task 49 17 [730625]: mask 0x1000000 set
cpu-bind=MASK - bdw04, task 50 18 [730626]: mask 0x200 set
cpu-bind=MASK - bdw04, task 51 19 [730627]: mask 0x2000000 set
cpu-bind=MASK - bdw04, task 52 20 [730628]: mask 0x400 set
cpu-bind=MASK - bdw04, task 53 21 [730629]: mask 0x4000000 set
cpu-bind=MASK - bdw04, task 54 22 [730630]: mask 0x800 set
cpu-bind=MASK - bdw04, task 55 23 [730631]: mask 0x8000000 set
cpu-bind=MASK - bdw04, task 56 24 [730632]: mask 0x1000 set
cpu-bind=MASK - bdw04, task 57 25 [730633]: mask 0x10000000 set
cpu-bind=MASK - bdw04, task 58 26 [730634]: mask 0x2000 set
cpu-bind=MASK - bdw04, task 59 27 [730635]: mask 0x20000000 set
cpu-bind=MASK - bdw04, task 60 28 [730636]: mask 0x4000 set
cpu-bind=MASK - bdw04, task 61 29 [730637]: mask 0x40000000 set
cpu-bind=MASK - bdw04, task 62 30 [730638]: mask 0x8000 set
cpu-bind=MASK - bdw04, task 63 31 [730639]: mask 0x80000000 set
